<?xml version="1.0" encoding="UTF-8"?>
<testsuite name="com.kiseok.springboot.web.web.HelloControllerTest" tests="2" skipped="0" failures="0" errors="0" timestamp="2020-02-13T09:24:25" hostname="DESKTOP-5J8PLUI" time="1.448">
  <properties/>
  <testcase name="hello가_리턴된다" classname="com.kiseok.springboot.web.web.HelloControllerTest" time="1.102"/>
  <testcase name="helloDto가_리턴된다" classname="com.kiseok.springboot.web.web.HelloControllerTest" time="0.344"/>
  <system-out><![CDATA[2020-02-13 18:24:07.245  INFO 16888 --- [    Test worker] .b.t.a.w.s.WebMvcTestContextBootstrapper : Neither @ContextConfiguration nor @ContextHierarchy found for test class [com.kiseok.springboot.web.web.HelloControllerTest], using SpringBootContextLoader
2020-02-13 18:24:07.249  INFO 16888 --- [    Test worker] o.s.t.c.support.AbstractContextLoader    : Could not detect default resource locations for test class [com.kiseok.springboot.web.web.HelloControllerTest]: no resource found for suffixes {-context.xml, Context.groovy}.
2020-02-13 18:24:07.250  INFO 16888 --- [    Test worker] t.c.s.AnnotationConfigContextLoaderUtils : Could not detect default configuration classes for test class [com.kiseok.springboot.web.web.HelloControllerTest]: HelloControllerTest does not declare any static, non-private, non-final, nested classes annotated with @Configuration.
2020-02-13 18:24:07.349  INFO 16888 --- [    Test worker] .b.t.c.SpringBootTestContextBootstrapper : Found @SpringBootConfiguration com.kiseok.springboot.Application for test class com.kiseok.springboot.web.web.HelloControllerTest
2020-02-13 18:24:07.352  INFO 16888 --- [    Test worker] .b.t.a.w.s.WebMvcTestContextBootstrapper : Loaded default TestExecutionListener class names from location [META-INF/spring.factories]: [org.springframework.security.test.context.support.WithSecurityContextTestExecutionListener, org.springframework.security.test.context.support.ReactorContextTestExecutionListener, org.springframework.boot.test.autoconfigure.restdocs.RestDocsTestExecutionListener, org.springframework.boot.test.autoconfigure.web.client.MockRestServiceServerResetTestExecutionListener, org.springframework.boot.test.autoconfigure.web.servlet.MockMvcPrintOnlyOnFailureTestExecutionListener, org.springframework.boot.test.autoconfigure.web.servlet.WebDriverTestExecutionListener, org.springframework.boot.test.mock.mockito.MockitoTestExecutionListener, org.springframework.boot.test.mock.mockito.ResetMocksTestExecutionListener, org.springframework.test.context.web.ServletTestExecutionListener, org.springframework.test.context.support.DirtiesContextBeforeModesTestExecutionListener, org.springframework.test.context.support.DependencyInjectionTestExecutionListener, org.springframework.test.context.support.DirtiesContextTestExecutionListener, org.springframework.test.context.transaction.TransactionalTestExecutionListener, org.springframework.test.context.jdbc.SqlScriptsTestExecutionListener]
2020-02-13 18:24:07.357  INFO 16888 --- [    Test worker] .b.t.a.w.s.WebMvcTestContextBootstrapper : Using TestExecutionListeners: [org.springframework.test.context.web.ServletTestExecutionListener@7c24b33e, org.springframework.test.context.support.DirtiesContextBeforeModesTestExecutionListener@74356fc, org.springframework.boot.test.mock.mockito.MockitoTestExecutionListener@4c9dee6a, org.springframework.boot.test.autoconfigure.SpringBootDependencyInjectionTestExecutionListener@69227114, org.springframework.test.context.support.DirtiesContextTestExecutionListener@3046824d, org.springframework.test.context.transaction.TransactionalTestExecutionListener@2dafd60f, org.springframework.test.context.jdbc.SqlScriptsTestExecutionListener@ee2936e, org.springframework.security.test.context.support.WithSecurityContextTestExecutionListener@7432e977, org.springframework.security.test.context.support.ReactorContextTestExecutionListener@70e25956, org.springframework.boot.test.autoconfigure.restdocs.RestDocsTestExecutionListener@232ef6eb, org.springframework.boot.test.autoconfigure.web.client.MockRestServiceServerResetTestExecutionListener@394d6803, org.springframework.boot.test.autoconfigure.web.servlet.MockMvcPrintOnlyOnFailureTestExecutionListener@5ad7470c, org.springframework.boot.test.autoconfigure.web.servlet.WebDriverTestExecutionListener@381d9de9, org.springframework.boot.test.mock.mockito.ResetMocksTestExecutionListener@6cd0adaf]

  .   ____          _            __ _ _
 /\\ / ___'_ __ _ _(_)_ __  __ _ \ \ \ \
( ( )\___ | '_ | '_| | '_ \/ _` | \ \ \ \
 \\/  ___)| |_)| | | | | || (_| |  ) ) ) )
  '  |____| .__|_| |_|_| |_\__, | / / / /
 =========|_|==============|___/=/_/_/_/
 :: Spring Boot ::        (v2.1.7.RELEASE)

2020-02-13 18:24:07.635  INFO 16888 --- [    Test worker] c.k.s.web.web.HelloControllerTest        : Starting HelloControllerTest on DESKTOP-5J8PLUI with PID 16888 (started by Yang in C:\Users\Yang\Desktop\Study\SpringBoot-AWS)
2020-02-13 18:24:07.643  INFO 16888 --- [    Test worker] c.k.s.web.web.HelloControllerTest        : The following profiles are active: oauth
2020-02-13 18:24:18.395  INFO 16888 --- [    Test worker] o.s.s.concurrent.ThreadPoolTaskExecutor  : Initializing ExecutorService 'applicationTaskExecutor'
2020-02-13 18:24:20.995  INFO 16888 --- [    Test worker] o.s.b.a.w.s.WelcomePageHandlerMapping    : Adding welcome page template: index
2020-02-13 18:24:24.199  INFO 16888 --- [    Test worker] .s.s.UserDetailsServiceAutoConfiguration : 

Using generated security password: 0db76bf2-8cc4-4ded-bd0e-feb085099e41

2020-02-13 18:24:25.058  INFO 16888 --- [    Test worker] o.s.s.web.DefaultSecurityFilterChain     : Creating filter chain: any request, [org.springframework.security.web.context.request.async.WebAsyncManagerIntegrationFilter@4d65607f, org.springframework.security.web.context.SecurityContextPersistenceFilter@df66831, org.springframework.security.web.header.HeaderWriterFilter@493e4bd5, org.springframework.security.web.csrf.CsrfFilter@76ae6ad4, org.springframework.security.web.authentication.logout.LogoutFilter@4a5cb1bd, org.springframework.security.web.authentication.UsernamePasswordAuthenticationFilter@6a86824, org.springframework.security.web.authentication.ui.DefaultLoginPageGeneratingFilter@2ca1fb60, org.springframework.security.web.authentication.ui.DefaultLogoutPageGeneratingFilter@3980f035, org.springframework.security.web.authentication.www.BasicAuthenticationFilter@582a1a11, org.springframework.security.web.savedrequest.RequestCacheAwareFilter@e4e99de, org.springframework.security.web.servletapi.SecurityContextHolderAwareRequestFilter@75636138, org.springframework.security.web.authentication.AnonymousAuthenticationFilter@3415b4b3, org.springframework.security.web.session.SessionManagementFilter@18f23d1b, org.springframework.security.web.access.ExceptionTranslationFilter@7098dbbc, org.springframework.security.web.access.intercept.FilterSecurityInterceptor@3dcba28f]
2020-02-13 18:24:25.277  INFO 16888 --- [    Test worker] o.s.b.t.m.w.SpringBootMockServletContext : Initializing Spring TestDispatcherServlet ''
2020-02-13 18:24:25.278  INFO 16888 --- [    Test worker] o.s.t.web.servlet.TestDispatcherServlet  : Initializing Servlet ''
2020-02-13 18:24:25.370  INFO 16888 --- [    Test worker] o.s.t.web.servlet.TestDispatcherServlet  : Completed initialization in 92 ms
2020-02-13 18:24:25.584  INFO 16888 --- [    Test worker] c.k.s.web.web.HelloControllerTest        : Started HelloControllerTest in 18.189 seconds (JVM running for 32.038)
]]></system-out>
  <system-err><![CDATA[]]></system-err>
</testsuite>
